{
  "RSpec": {
    "coverage": {
      "/Users/student/Project/Week6/Ruby-n-b/spec/setup_test_database.rb": [
        1,
        null,
        1,
        3,
        null
      ],
      "/Users/student/Project/Week6/Ruby-n-b/spec/db_connection_spec.rb": [
        1,
        null,
        1,
        null,
        1,
        1,
        1,
        1,
        1,
        null,
        null,
        null
      ],
      "/Users/student/Project/Week6/Ruby-n-b/spec/feature/view_listings_spec.rb": [
        null,
        null,
        1,
        1,
        null,
        1,
        1,
        null,
        null
      ],
      "/Users/student/Project/Week6/Ruby-n-b/spec/listing_spec.rb": [
        1,
        null,
        1,
        null,
        1,
        1,
        1,
        1,
        null,
        null,
        null
      ]
    },
    "timestamp": 1574093363
  }
}
